<?xml version="1.0" encoding="UTF-8"?>
<!-- Generated by org.testng.reporters.JUnitXMLReporter -->
<testsuite hostname="INLN56577631A" name="ClassTest" tests="4" failures="0" timestamp="28 Mar 2019 02:02:12 GMT" time="48.429" errors="0">
  <testcase name="f" time="0.007" classname="com.project.NaveenSelenium.TC_002"/>
  <testcase name="f" time="0.002" classname="com.project.NaveenSelenium.TC_003"/>
  <testcase name="z" time="0.004" classname="com.project.NaveenSelenium.TC_003"/>
  <testcase name="amazon" time="9.972" classname="com.project.NaveenSelenium.TC_004"/>
</testsuite> <!-- ClassTest -->
