<?xml version="1.0" encoding="UTF-8"?>
<testng-results skipped="0" failed="0" total="1" passed="1">
  <reporter-output>
  </reporter-output>
  <suite name="Default suite" duration-ms="735" started-at="2019-04-10T05:16:17Z" finished-at="2019-04-10T05:16:18Z">
    <groups>
    </groups>
    <test name="Default test" duration-ms="735" started-at="2019-04-10T05:16:17Z" finished-at="2019-04-10T05:16:18Z">
      <class name="com.project.NaveenSelenium.ReadExcelDataByIndex">
        <test-method status="PASS" signature="Excel()[pri:0, instance:com.project.NaveenSelenium.ReadExcelDataByIndex@6e3c1e69]" name="Excel" duration-ms="715" started-at="2019-04-10T10:46:17Z" finished-at="2019-04-10T10:46:18Z">
          <reporter-output>
          </reporter-output>
        </test-method> <!-- Excel -->
      </class> <!-- com.project.NaveenSelenium.ReadExcelDataByIndex -->
    </test> <!-- Default test -->
  </suite> <!-- Default suite -->
</testng-results>
